Traceback (most recent call last):
  File "/anaconda/envs/azureml_py38/lib/python3.10/site-packages/neo4j/_async_compat/network/_util.py", line 180, in _dns_resolver
    info = NetworkUtil.get_address_info(
  File "/anaconda/envs/azureml_py38/lib/python3.10/site-packages/neo4j/_async_compat/network/_util.py", line 166, in get_address_info
    return socket.getaddrinfo(host, port, family, type, proto, flags)
  File "/anaconda/envs/azureml_py38/lib/python3.10/socket.py", line 955, in getaddrinfo
    for res in _socket.getaddrinfo(host, port, family, type, proto, flags):
socket.gaierror: [Errno -2] Name or service not known

The above exception was the direct cause of the following exception:

Traceback (most recent call last):
  File "/afh/projects/graphrag-orchestration/verify_kvp_storage.py", line 87, in <module>
    verify_kvp_storage()
  File "/afh/projects/graphrag-orchestration/verify_kvp_storage.py", line 17, in verify_kvp_storage
    result = session.run("""
  File "/anaconda/envs/azureml_py38/lib/python3.10/site-packages/neo4j/_sync/work/session.py", line 305, in run
    self._connect(self._config.default_access_mode)
  File "/anaconda/envs/azureml_py38/lib/python3.10/site-packages/neo4j/_sync/work/session.py", line 126, in _connect
    super()._connect(
  File "/anaconda/envs/azureml_py38/lib/python3.10/site-packages/neo4j/_sync/work/workspace.py", line 166, in _connect
    target_db = self._get_routing_target_database(
  File "/anaconda/envs/azureml_py38/lib/python3.10/site-packages/neo4j/_sync/work/workspace.py", line 244, in _get_routing_target_database
    self._pool.update_routing_table(
  File "/anaconda/envs/azureml_py38/lib/python3.10/site-packages/neo4j/_sync/io/_pool.py", line 1009, in update_routing_table
    self._update_routing_table_from(
  File "/anaconda/envs/azureml_py38/lib/python3.10/site-packages/neo4j/_sync/io/_pool.py", line 932, in _update_routing_table_from
    for address in NetworkUtil.resolve_address(
  File "/anaconda/envs/azureml_py38/lib/python3.10/site-packages/neo4j/_async_compat/network/_util.py", line 244, in resolve_address
    for address_dns_resolved in NetworkUtil._dns_resolver(
  File "/anaconda/envs/azureml_py38/lib/python3.10/site-packages/neo4j/_async_compat/network/_util.py", line 197, in _dns_resolver
    raise err_cls(
neo4j.exceptions.ServiceUnavailable: Failed to DNS resolve address b5b74e16.databases.neo4j.io:7687: [Errno -2] Name or service not known
